<?xml version="1.0" encoding="UTF-8"?>
<!-- Generated by org.testng.reporters.JUnitReportReporter -->
<testsuite skipped="0" hostname="SKPC1" name="com.automation.testcases.LoginTestCRM" tests="1" failures="0" timestamp="2021-02-27T23:26:08 IST" time="8.030" errors="0">
  <testcase name="LoginApp" time="8.030" classname="com.automation.testcases.LoginTestCRM"/>
  <system-out/>
</testsuite> <!-- com.automation.testcases.LoginTestCRM -->
